<?xml version="1.0" encoding="UTF-8"?>
<testsuite xmlns:xsi="http://www.w3.org/2001/XMLSchema-instance" xsi:noNamespaceSchemaLocation="https://maven.apache.org/surefire/maven-surefire-plugin/xsd/surefire-test-report-3.0.xsd" version="3.0" name="com.mcvteam.gs_zone.GsZoneApplicationTests" time="2.5" tests="1" errors="0" skipped="0" failures="0">
  <properties>
[...]
</properties>
  <testcase name="contextLoads" classname="com.mcvteam.gs_zone.GsZoneApplicationTests" time="0.261">
    <system-out><![CDATA[Standard Commons Logging discovery in action with spring-jcl: please remove commons-logging.jar from classpath in order to avoid potential conflicts
11:15:12.454 [main] INFO org.springframework.test.context.support.AnnotationConfigContextLoaderUtils -- Could not detect default configuration classes for test class [com.mcvteam.gs_zone.GsZoneApplicationTests]: GsZoneApplicationTests does not declare any static, non-private, non-final, nested classes annotated with @Configuration.
11:15:12.488 [main] INFO org.springframework.boot.test.context.SpringBootTestContextBootstrapper -- Found @SpringBootConfiguration com.mcvteam.gs_zone.GsZoneApplication for test class com.mcvteam.gs_zone.GsZoneApplicationTests

  .   ____          _            __ _ _
 /\\ / ___'_ __ _ _(_)_ __  __ _ \ \ \ \
( ( )\___ | '_ | '_| | '_ \/ _` | \ \ \ \
 \\/  ___)| |_)| | | | | || (_| |  ) ) ) )
  '  |____| .__|_| |_|_| |_\__, | / / / /
 =========|_|==============|___/=/_/_/_/

 :: Spring Boot ::                (v3.3.3)

2024-09-14T11:15:12.644-04:00  INFO 9100 --- [gs-zone] [           main] c.m.gs_zone.GsZoneApplicationTests       : Starting GsZoneApplicationTests using Java 22.0.2 with PID 9100 (started by wjm in /Users/wjm/Documents/GitHub/gameslider-zone)
2024-09-14T11:15:12.644-04:00  INFO 9100 --- [gs-zone] [           main] c.m.gs_zone.GsZoneApplicationTests       : No active profile set, falling back to 1 default profile: "default"
2024-09-14T11:15:12.989-04:00  INFO 9100 --- [gs-zone] [           main] .s.d.r.c.RepositoryConfigurationDelegate : Bootstrapping Spring Data JPA repositories in DEFAULT mode.
2024-09-14T11:15:13.006-04:00  INFO 9100 --- [gs-zone] [           main] .s.d.r.c.RepositoryConfigurationDelegate : Finished Spring Data repository scanning in 14 ms. Found 2 JPA repository interfaces.
2024-09-14T11:15:13.235-04:00  INFO 9100 --- [gs-zone] [           main] o.hibernate.jpa.internal.util.LogHelper  : HHH000204: Processing PersistenceUnitInfo [name: default]
2024-09-14T11:15:13.255-04:00  INFO 9100 --- [gs-zone] [           main] org.hibernate.Version                    : HHH000412: Hibernate ORM core version 6.5.2.Final
2024-09-14T11:15:13.266-04:00  INFO 9100 --- [gs-zone] [           main] o.h.c.internal.RegionFactoryInitiator    : HHH000026: Second-level cache disabled
2024-09-14T11:15:13.297-04:00 DEBUG 9100 --- [gs-zone] [           main] org.hibernate.type.BasicTypeRegistry     : Adding type registration boolean -> org.hibernate.type.BasicTypeReference@6734ff92
2024-09-14T11:15:13.297-04:00 DEBUG 9100 --- [gs-zone] [           main] org.hibernate.type.BasicTypeRegistry     : Adding type registration boolean -> org.hibernate.type.BasicTypeReference@6734ff92
2024-09-14T11:15:13.297-04:00 DEBUG 9100 --- [gs-zone] [           main] org.hibernate.type.BasicTypeRegistry     : Adding type registration java.lang.Boolean -> org.hibernate.type.BasicTypeReference@6734ff92
2024-09-14T11:15:13.298-04:00 DEBUG 9100 --- [gs-zone] [           main] org.hibernate.type.BasicTypeRegistry     : Adding type registration numeric_boolean -> org.hibernate.type.BasicTypeReference@51eb0e84
2024-09-14T11:15:13.298-04:00 DEBUG 9100 --- [gs-zone] [           main] org.hibernate.type.BasicTypeRegistry     : Adding type registration org.hibernate.type.NumericBooleanConverter -> org.hibernate.type.BasicTypeReference@51eb0e84
2024-09-14T11:15:13.298-04:00 DEBUG 9100 --- [gs-zone] [           main] org.hibernate.type.BasicTypeRegistry     : Adding type registration true_false -> org.hibernate.type.BasicTypeReference@4ce267cc
2024-09-14T11:15:13.298-04:00 DEBUG 9100 --- [gs-zone] [           main] org.hibernate.type.BasicTypeRegistry     : Adding type registration org.hibernate.type.TrueFalseConverter -> org.hibernate.type.BasicTypeReference@4ce267cc
2024-09-14T11:15:13.298-04:00 DEBUG 9100 --- [gs-zone] [           main] org.hibernate.type.BasicTypeRegistry     : Adding type registration yes_no -> org.hibernate.type.BasicTypeReference@2eebce87
2024-09-14T11:15:13.298-04:00 DEBUG 9100 --- [gs-zone] [           main] org.hibernate.type.BasicTypeRegistry     : Adding type registration org.hibernate.type.YesNoConverter -> org.hibernate.type.BasicTypeReference@2eebce87
2024-09-14T11:15:13.298-04:00 DEBUG 9100 --- [gs-zone] [           main] org.hibernate.type.BasicTypeRegistry     : Adding type registration byte -> org.hibernate.type.BasicTypeReference@6ee37ca7
2024-09-14T11:15:13.298-04:00 DEBUG 9100 --- [gs-zone] [           main] org.hibernate.type.BasicTypeRegistry     : Adding type registration byte -> org.hibernate.type.BasicTypeReference@6ee37ca7
2024-09-14T11:15:13.298-04:00 DEBUG 9100 --- [gs-zone] [           main] org.hibernate.type.BasicTypeRegistry     : Adding type registration java.lang.Byte -> org.hibernate.type.BasicTypeReference@6ee37ca7
2024-09-14T11:15:13.298-04:00 DEBUG 9100 --- [gs-zone] [           main] org.hibernate.type.BasicTypeRegistry     : Adding type registration binary -> org.hibernate.type.BasicTypeReference@6775c0d1
2024-09-14T11:15:13.298-04:00 DEBUG 9100 --- [gs-zone] [           main] org.hibernate.type.BasicTypeRegistry     : Adding type registration byte[] -> org.hibernate.type.BasicTypeReference@6775c0d1
2024-09-14T11:15:13.298-04:00 DEBUG 9100 --- [gs-zone] [           main] org.hibernate.type.BasicTypeRegistry     : Adding type registration [B -> org.hibernate.type.BasicTypeReference@6775c0d1
2024-09-14T11:15:13.298-04:00 DEBUG 9100 --- [gs-zone] [           main] org.hibernate.type.BasicTypeRegistry     : Adding type registration binary_wrapper -> org.hibernate.type.BasicTypeReference@38f617f4
2024-09-14T11:15:13.298-04:00 DEBUG 9100 --- [gs-zone] [           main] org.hibernate.type.BasicTypeRegistry     : Adding type registration wrapper-binary -> org.hibernate.type.BasicTypeReference@38f617f4
2024-09-14T11:15:13.298-04:00 DEBUG 9100 --- [gs-zone] [           main] org.hibernate.type.BasicTypeRegistry     : Adding type registration image -> org.hibernate.type.BasicTypeReference@4899799b
2024-09-14T11:15:13.298-04:00 DEBUG 9100 --- [gs-zone] [           main] org.hibernate.type.BasicTypeRegistry     : Adding type registration blob -> org.hibernate.type.BasicTypeReference@3dea226b
2024-09-14T11:15:13.299-04:00 DEBUG 9100 --- [gs-zone] [           main] org.hibernate.type.BasicTypeRegistry     : Adding type registration java.sql.Blob -> org.hibernate.type.BasicTypeReference@3dea226b
2024-09-14T11:15:13.299-04:00 DEBUG 9100 --- [gs-zone] [           main] org.hibernate.type.BasicTypeRegistry     : Adding type registration materialized_blob -> org.hibernate.type.BasicTypeReference@74500e4f
2024-09-14T11:15:13.299-04:00 DEBUG 9100 --- [gs-zone] [           main] org.hibernate.type.BasicTypeRegistry     : Adding type registration materialized_blob_wrapper -> org.hibernate.type.BasicTypeReference@7c91fe86
2024-09-14T11:15:13.299-04:00 DEBUG 9100 --- [gs-zone] [           main] org.hibernate.type.BasicTypeRegistry     : Adding type registration short -> org.hibernate.type.BasicTypeReference@7fc7152e
2024-09-14T11:15:13.299-04:00 DEBUG 9100 --- [gs-zone] [           main] org.hibernate.type.BasicTypeRegistry     : Adding type registration short -> org.hibernate.type.BasicTypeReference@7fc7152e
2024-09-14T11:15:13.299-04:00 DEBUG 9100 --- [gs-zone] [           main] org.hibernate.type.BasicTypeRegistry     : Adding type registration java.lang.Short -> org.hibernate.type.BasicTypeReference@7fc7152e
2024-09-14T11:15:13.299-04:00 DEBUG 9100 --- [gs-zone] [           main] org.hibernate.type.BasicTypeRegistry     : Adding type registration integer -> org.hibernate.type.BasicTypeReference@13d289c7
2024-09-14T11:15:13.299-04:00 DEBUG 9100 --- [gs-zone] [           main] org.hibernate.type.BasicTypeRegistry     : Adding type registration int -> org.hibernate.type.BasicTypeReference@13d289c7
2024-09-14T11:15:13.299-04:00 DEBUG 9100 --- [gs-zone] [           main] org.hibernate.type.BasicTypeRegistry     : Adding type registration java.lang.Integer -> org.hibernate.type.BasicTypeReference@13d289c7
2024-09-14T11:15:13.299-04:00 DEBUG 9100 --- [gs-zone] [           main] org.hibernate.type.BasicTypeRegistry     : Adding type registration long -> org.hibernate.type.BasicTypeReference@6704df84
2024-09-14T11:15:13.299-04:00 DEBUG 9100 --- [gs-zone] [           main] org.hibernate.type.BasicTypeRegistry     : Adding type registration long -> org.hibernate.type.BasicTypeReference@6704df84
2024-09-14T11:15:13.299-04:00 DEBUG 9100 --- [gs-zone] [           main] org.hibernate.type.BasicTypeRegistry     : Adding type registration java.lang.Long -> org.hibernate.type.BasicTypeReference@6704df84
2024-09-14T11:15:13.299-04:00 DEBUG 9100 --- [gs-zone] [           main] org.hibernate.type.BasicTypeRegistry     : Adding type registration float -> org.hibernate.type.BasicTypeReference@1412682c
2024-09-14T11:15:13.299-04:00 DEBUG 9100 --- [gs-zone] [           main] org.hibernate.type.BasicTypeRegistry     : Adding type registration float -> org.hibernate.type.BasicTypeReference@1412682c
2024-09-14T11:15:13.299-04:00 DEBUG 9100 --- [gs-zone] [           main] org.hibernate.type.BasicTypeRegistry     : Adding type registration java.lang.Float -> org.hibernate.type.BasicTypeReference@1412682c
2024-09-14T11:15:13.299-04:00 DEBUG 9100 --- [gs-zone] [           main] org.hibernate.type.BasicTypeRegistry     : Adding type registration double -> org.hibernate.type.BasicTypeReference@53bb71e5
2024-09-14T11:15:13.299-04:00 DEBUG 9100 --- [gs-zone] [           main] org.hibernate.type.BasicTypeRegistry     : Adding type registration double -> org.hibernate.type.BasicTypeReference@53bb71e5
2024-09-14T11:15:13.299-04:00 DEBUG 9100 --- [gs-zone] [           main] org.hibernate.type.BasicTypeRegistry     : Adding type registration java.lang.Double -> org.hibernate.type.BasicTypeReference@53bb71e5
2024-09-14T11:15:13.300-04:00 DEBUG 9100 --- [gs-zone] [           main] org.hibernate.type.BasicTypeRegistry     : Adding type registration big_integer -> org.hibernate.type.BasicTypeReference@54a056e4
2024-09-14T11:15:13.300-04:00 DEBUG 9100 --- [gs-zone] [           main] org.hibernate.type.BasicTypeRegistry     : Adding type registration java.math.BigInteger -> org.hibernate.type.BasicTypeReference@54a056e4
2024-09-14T11:15:13.300-04:00 DEBUG 9100 --- [gs-zone] [           main] org.hibernate.type.BasicTypeRegistry     : Adding type registration big_decimal -> org.hibernate.type.BasicTypeReference@15994b0b
2024-09-14T11:15:13.300-04:00 DEBUG 9100 --- [gs-zone] [           main] org.hibernate.type.BasicTypeRegistry     : Adding type registration java.math.BigDecimal -> org.hibernate.type.BasicTypeReference@15994b0b
2024-09-14T11:15:13.300-04:00 DEBUG 9100 --- [gs-zone] [           main] org.hibernate.type.BasicTypeRegistry     : Adding type registration character -> org.hibernate.type.BasicTypeReference@12cd129c
2024-09-14T11:15:13.300-04:00 DEBUG 9100 --- [gs-zone] [           main] org.hibernate.type.BasicTypeRegistry     : Adding type registration char -> org.hibernate.type.BasicTypeReference@12cd129c
2024-09-14T11:15:13.300-04:00 DEBUG 9100 --- [gs-zone] [           main] org.hibernate.type.BasicTypeRegistry     : Adding type registration java.lang.Character -> org.hibernate.type.BasicTypeReference@12cd129c
2024-09-14T11:15:13.300-04:00 DEBUG 9100 --- [gs-zone] [           main] org.hibernate.type.BasicTypeRegistry     : Adding type registration character_nchar -> org.hibernate.type.BasicTypeReference@1a717d79
2024-09-14T11:15:13.300-04:00 DEBUG 9100 --- [gs-zone] [           main] org.hibernate.type.BasicTypeRegistry     : Adding type registration string -> org.hibernate.type.BasicTypeReference@4cb00fa5
2024-09-14T11:15:13.300-04:00 DEBUG 9100 --- [gs-zone] [           main] org.hibernate.type.BasicTypeRegistry     : Adding type registration java.lang.String -> org.hibernate.type.BasicTypeReference@4cb00fa5
2024-09-14T11:15:13.300-04:00 DEBUG 9100 --- [gs-zone] [           main] org.hibernate.type.BasicTypeRegistry     : Adding type registration nstring -> org.hibernate.type.BasicTypeReference@13aed42b
2024-09-14T11:15:13.300-04:00 DEBUG 9100 --- [gs-zone] [           main] org.hibernate.type.BasicTypeRegistry     : Adding type registration characters -> org.hibernate.type.BasicTypeReference@698d6d30
2024-09-14T11:15:13.300-04:00 DEBUG 9100 --- [gs-zone] [           main] org.hibernate.type.BasicTypeRegistry     : Adding type registration char[] -> org.hibernate.type.BasicTypeReference@698d6d30
2024-09-14T11:15:13.300-04:00 DEBUG 9100 --- [gs-zone] [           main] org.hibernate.type.BasicTypeRegistry     : Adding type registration [C -> org.hibernate.type.BasicTypeReference@698d6d30
2024-09-14T11:15:13.300-04:00 DEBUG 9100 --- [gs-zone] [           main] org.hibernate.type.BasicTypeRegistry     : Adding type registration wrapper-characters -> org.hibernate.type.BasicTypeReference@78065fcd
2024-09-14T11:15:13.300-04:00 DEBUG 9100 --- [gs-zone] [           main] org.hibernate.type.BasicTypeRegistry     : Adding type registration text -> org.hibernate.type.BasicTypeReference@3407aa4f
2024-09-14T11:15:13.300-04:00 DEBUG 9100 --- [gs-zone] [           main] org.hibernate.type.BasicTypeRegistry     : Adding type registration ntext -> org.hibernate.type.BasicTypeReference@51ed2f68
2024-09-14T11:15:13.300-04:00 DEBUG 9100 --- [gs-zone] [           main] org.hibernate.type.BasicTypeRegistry     : Adding type registration clob -> org.hibernate.type.BasicTypeReference@538b3c88
2024-09-14T11:15:13.300-04:00 DEBUG 9100 --- [gs-zone] [           main] org.hibernate.type.BasicTypeRegistry     : Adding type registration java.sql.Clob -> org.hibernate.type.BasicTypeReference@538b3c88
2024-09-14T11:15:13.301-04:00 DEBUG 9100 --- [gs-zone] [           main] org.hibernate.type.BasicTypeRegistry     : Adding type registration nclob -> org.hibernate.type.BasicTypeReference@19b9f903
2024-09-14T11:15:13.301-04:00 DEBUG 9100 --- [gs-zone] [           main] org.hibernate.type.BasicTypeRegistry     : Adding type registration java.sql.NClob -> org.hibernate.type.BasicTypeReference@19b9f903
2024-09-14T11:15:13.301-04:00 DEBUG 9100 --- [gs-zone] [           main] org.hibernate.type.BasicTypeRegistry     : Adding type registration materialized_clob -> org.hibernate.type.BasicTypeReference@10e56da9
2024-09-14T11:15:13.301-04:00 DEBUG 9100 --- [gs-zone] [           main] org.hibernate.type.BasicTypeRegistry     : Adding type registration materialized_clob_char_array -> org.hibernate.type.BasicTypeReference@28cb86b2
2024-09-14T11:15:13.301-04:00 DEBUG 9100 --- [gs-zone] [           main] org.hibernate.type.BasicTypeRegistry     : Adding type registration materialized_clob_character_array -> org.hibernate.type.BasicTypeReference@22ae905f
2024-09-14T11:15:13.301-04:00 DEBUG 9100 --- [gs-zone] [           main] org.hibernate.type.BasicTypeRegistry     : Adding type registration materialized_nclob -> org.hibernate.type.BasicTypeReference@748904e8
2024-09-14T11:15:13.301-04:00 DEBUG 9100 --- [gs-zone] [           main] org.hibernate.type.BasicTypeRegistry     : Adding type registration materialized_nclob_character_array -> org.hibernate.type.BasicTypeReference@4fbaa7f5
2024-09-14T11:15:13.301-04:00 DEBUG 9100 --- [gs-zone] [           main] org.hibernate.type.BasicTypeRegistry     : Adding type registration materialized_nclob_char_array -> org.hibernate.type.BasicTypeReference@3b3056a6
2024-09-14T11:15:13.301-04:00 DEBUG 9100 --- [gs-zone] [           main] org.hibernate.type.BasicTypeRegistry     : Adding type registration Duration -> org.hibernate.type.BasicTypeReference@6d4a05f7
2024-09-14T11:15:13.301-04:00 DEBUG 9100 --- [gs-zone] [           main] org.hibernate.type.BasicTypeRegistry     : Adding type registration java.time.Duration -> org.hibernate.type.BasicTypeReference@6d4a05f7
2024-09-14T11:15:13.301-04:00 DEBUG 9100 --- [gs-zone] [           main] org.hibernate.type.BasicTypeRegistry     : Adding type registration LocalDateTime -> org.hibernate.type.BasicTypeReference@51d8f2f2
2024-09-14T11:15:13.301-04:00 DEBUG 9100 --- [gs-zone] [           main] org.hibernate.type.BasicTypeRegistry     : Adding type registration java.time.LocalDateTime -> org.hibernate.type.BasicTypeReference@51d8f2f2
2024-09-14T11:15:13.301-04:00 DEBUG 9100 --- [gs-zone] [           main] org.hibernate.type.BasicTypeRegistry     : Adding type registration LocalDate -> org.hibernate.type.BasicTypeReference@4b476233
2024-09-14T11:15:13.301-04:00 DEBUG 9100 --- [gs-zone] [           main] org.hibernate.type.BasicTypeRegistry     : Adding type registration java.time.LocalDate -> org.hibernate.type.BasicTypeReference@4b476233
2024-09-14T11:15:13.301-04:00 DEBUG 9100 --- [gs-zone] [           main] org.hibernate.type.BasicTypeRegistry     : Adding type registration LocalTime -> org.hibernate.type.BasicTypeReference@72fb989b
2024-09-14T11:15:13.301-04:00 DEBUG 9100 --- [gs-zone] [           main] org.hibernate.type.BasicTypeRegistry     : Adding type registration java.time.LocalTime -> org.hibernate.type.BasicTypeReference@72fb989b
2024-09-14T11:15:13.301-04:00 DEBUG 9100 --- [gs-zone] [           main] org.hibernate.type.BasicTypeRegistry     : Adding type registration OffsetDateTime -> org.hibernate.type.BasicTypeReference@4f235e8e
2024-09-14T11:15:13.301-04:00 DEBUG 9100 --- [gs-zone] [           main] org.hibernate.type.BasicTypeRegistry     : Adding type registration java.time.OffsetDateTime -> org.hibernate.type.BasicTypeReference@4f235e8e
2024-09-14T11:15:13.301-04:00 DEBUG 9100 --- [gs-zone] [           main] org.hibernate.type.BasicTypeRegistry     : Adding type registration OffsetDateTimeWithTimezone -> org.hibernate.type.BasicTypeReference@597a7afa
2024-09-14T11:15:13.301-04:00 DEBUG 9100 --- [gs-zone] [           main] org.hibernate.type.BasicTypeRegistry     : Adding type registration OffsetDateTimeWithoutTimezone -> org.hibernate.type.BasicTypeReference@29dcdd1c
2024-09-14T11:15:13.301-04:00 DEBUG 9100 --- [gs-zone] [           main] org.hibernate.type.BasicTypeRegistry     : Adding type registration OffsetTime -> org.hibernate.type.BasicTypeReference@7cdb7fc
2024-09-14T11:15:13.301-04:00 DEBUG 9100 --- [gs-zone] [           main] org.hibernate.type.BasicTypeRegistry     : Adding type registration java.time.OffsetTime -> org.hibernate.type.BasicTypeReference@7cdb7fc
2024-09-14T11:15:13.302-04:00 DEBUG 9100 --- [gs-zone] [           main] org.hibernate.type.BasicTypeRegistry     : Adding type registration OffsetTimeUtc -> org.hibernate.type.BasicTypeReference@524f5ea5
2024-09-14T11:15:13.302-04:00 DEBUG 9100 --- [gs-zone] [           main] org.hibernate.type.BasicTypeRegistry     : Adding type registration OffsetTimeWithTimezone -> org.hibernate.type.BasicTypeReference@586843bc
2024-09-14T11:15:13.302-04:00 DEBUG 9100 --- [gs-zone] [           main] org.hibernate.type.BasicTypeRegistry     : Adding type registration OffsetTimeWithoutTimezone -> org.hibernate.type.BasicTypeReference@17134190
2024-09-14T11:15:13.302-04:00 DEBUG 9100 --- [gs-zone] [           main] org.hibernate.type.BasicTypeRegistry     : Adding type registration ZonedDateTime -> org.hibernate.type.BasicTypeReference@7d8b66d9
2024-09-14T11:15:13.302-04:00 DEBUG 9100 --- [gs-zone] [           main] org.hibernate.type.BasicTypeRegistry     : Adding type registration java.time.ZonedDateTime -> org.hibernate.type.BasicTypeReference@7d8b66d9
2024-09-14T11:15:13.302-04:00 DEBUG 9100 --- [gs-zone] [           main] org.hibernate.type.BasicTypeRegistry     : Adding type registration ZonedDateTimeWithTimezone -> org.hibernate.type.BasicTypeReference@5599b5bb
2024-09-14T11:15:13.302-04:00 DEBUG 9100 --- [gs-zone] [           main] org.hibernate.type.BasicTypeRegistry     : Adding type registration ZonedDateTimeWithoutTimezone -> org.hibernate.type.BasicTypeReference@4ff66917
2024-09-14T11:15:13.302-04:00 DEBUG 9100 --- [gs-zone] [           main] org.hibernate.type.BasicTypeRegistry     : Adding type registration date -> org.hibernate.type.BasicTypeReference@4264beb8
2024-09-14T11:15:13.302-04:00 DEBUG 9100 --- [gs-zone] [           main] org.hibernate.type.BasicTypeRegistry     : Adding type registration java.sql.Date -> org.hibernate.type.BasicTypeReference@4264beb8
2024-09-14T11:15:13.302-04:00 DEBUG 9100 --- [gs-zone] [           main] org.hibernate.type.BasicTypeRegistry     : Adding type registration time -> org.hibernate.type.BasicTypeReference@647fb583
2024-09-14T11:15:13.302-04:00 DEBUG 9100 --- [gs-zone] [           main] org.hibernate.type.BasicTypeRegistry     : Adding type registration java.sql.Time -> org.hibernate.type.BasicTypeReference@647fb583
2024-09-14T11:15:13.302-04:00 DEBUG 9100 --- [gs-zone] [           main] org.hibernate.type.BasicTypeRegistry     : Adding type registration timestamp -> org.hibernate.type.BasicTypeReference@7cd3e0da
2024-09-14T11:15:13.302-04:00 DEBUG 9100 --- [gs-zone] [           main] org.hibernate.type.BasicTypeRegistry     : Adding type registration java.sql.Timestamp -> org.hibernate.type.BasicTypeReference@7cd3e0da
2024-09-14T11:15:13.302-04:00 DEBUG 9100 --- [gs-zone] [           main] org.hibernate.type.BasicTypeRegistry     : Adding type registration java.util.Date -> org.hibernate.type.BasicTypeReference@7cd3e0da
2024-09-14T11:15:13.302-04:00 DEBUG 9100 --- [gs-zone] [           main] org.hibernate.type.BasicTypeRegistry     : Adding type registration calendar -> org.hibernate.type.BasicTypeReference@919086
2024-09-14T11:15:13.302-04:00 DEBUG 9100 --- [gs-zone] [           main] org.hibernate.type.BasicTypeRegistry     : Adding type registration java.util.Calendar -> org.hibernate.type.BasicTypeReference@919086
2024-09-14T11:15:13.302-04:00 DEBUG 9100 --- [gs-zone] [           main] org.hibernate.type.BasicTypeRegistry     : Adding type registration java.util.GregorianCalendar -> org.hibernate.type.BasicTypeReference@919086
2024-09-14T11:15:13.302-04:00 DEBUG 9100 --- [gs-zone] [           main] org.hibernate.type.BasicTypeRegistry     : Adding type registration calendar_date -> org.hibernate.type.BasicTypeReference@67e77f52
2024-09-14T11:15:13.302-04:00 DEBUG 9100 --- [gs-zone] [           main] org.hibernate.type.BasicTypeRegistry     : Adding type registration calendar_time -> org.hibernate.type.BasicTypeReference@7ead1d80
2024-09-14T11:15:13.302-04:00 DEBUG 9100 --- [gs-zone] [           main] org.hibernate.type.BasicTypeRegistry     : Adding type registration instant -> org.hibernate.type.BasicTypeReference@1d1bf7bf
2024-09-14T11:15:13.302-04:00 DEBUG 9100 --- [gs-zone] [           main] org.hibernate.type.BasicTypeRegistry     : Adding type registration java.time.Instant -> org.hibernate.type.BasicTypeReference@1d1bf7bf
2024-09-14T11:15:13.303-04:00 DEBUG 9100 --- [gs-zone] [           main] org.hibernate.type.BasicTypeRegistry     : Adding type registration uuid -> org.hibernate.type.BasicTypeReference@1182413a
2024-09-14T11:15:13.303-04:00 DEBUG 9100 --- [gs-zone] [           main] org.hibernate.type.BasicTypeRegistry     : Adding type registration java.util.UUID -> org.hibernate.type.BasicTypeReference@1182413a
2024-09-14T11:15:13.303-04:00 DEBUG 9100 --- [gs-zone] [           main] org.hibernate.type.BasicTypeRegistry     : Adding type registration pg-uuid -> org.hibernate.type.BasicTypeReference@1182413a
2024-09-14T11:15:13.303-04:00 DEBUG 9100 --- [gs-zone] [           main] org.hibernate.type.BasicTypeRegistry     : Adding type registration uuid-binary -> org.hibernate.type.BasicTypeReference@4d43a1b7
2024-09-14T11:15:13.303-04:00 DEBUG 9100 --- [gs-zone] [           main] org.hibernate.type.BasicTypeRegistry     : Adding type registration uuid-char -> org.hibernate.type.BasicTypeReference@5b14f482
2024-09-14T11:15:13.303-04:00 DEBUG 9100 --- [gs-zone] [           main] org.hibernate.type.BasicTypeRegistry     : Adding type registration class -> org.hibernate.type.BasicTypeReference@19705650
2024-09-14T11:15:13.303-04:00 DEBUG 9100 --- [gs-zone] [           main] org.hibernate.type.BasicTypeRegistry     : Adding type registration java.lang.Class -> org.hibernate.type.BasicTypeReference@19705650
2024-09-14T11:15:13.303-04:00 DEBUG 9100 --- [gs-zone] [           main] org.hibernate.type.BasicTypeRegistry     : Adding type registration currency -> org.hibernate.type.BasicTypeReference@1a785fd5
2024-09-14T11:15:13.303-04:00 DEBUG 9100 --- [gs-zone] [           main] org.hibernate.type.BasicTypeRegistry     : Adding type registration Currency -> org.hibernate.type.BasicTypeReference@1a785fd5
2024-09-14T11:15:13.303-04:00 DEBUG 9100 --- [gs-zone] [           main] org.hibernate.type.BasicTypeRegistry     : Adding type registration java.util.Currency -> org.hibernate.type.BasicTypeReference@1a785fd5
2024-09-14T11:15:13.303-04:00 DEBUG 9100 --- [gs-zone] [           main] org.hibernate.type.BasicTypeRegistry     : Adding type registration locale -> org.hibernate.type.BasicTypeReference@4a660b34
2024-09-14T11:15:13.303-04:00 DEBUG 9100 --- [gs-zone] [           main] org.hibernate.type.BasicTypeRegistry     : Adding type registration java.util.Locale -> org.hibernate.type.BasicTypeReference@4a660b34
2024-09-14T11:15:13.303-04:00 DEBUG 9100 --- [gs-zone] [           main] org.hibernate.type.BasicTypeRegistry     : Adding type registration serializable -> org.hibernate.type.BasicTypeReference@362a561e
2024-09-14T11:15:13.303-04:00 DEBUG 9100 --- [gs-zone] [           main] org.hibernate.type.BasicTypeRegistry     : Adding type registration java.io.Serializable -> org.hibernate.type.BasicTypeReference@362a561e
2024-09-14T11:15:13.303-04:00 DEBUG 9100 --- [gs-zone] [           main] org.hibernate.type.BasicTypeRegistry     : Adding type registration timezone -> org.hibernate.type.BasicTypeReference@2df3545d
2024-09-14T11:15:13.303-04:00 DEBUG 9100 --- [gs-zone] [           main] org.hibernate.type.BasicTypeRegistry     : Adding type registration java.util.TimeZone -> org.hibernate.type.BasicTypeReference@2df3545d
2024-09-14T11:15:13.303-04:00 DEBUG 9100 --- [gs-zone] [           main] org.hibernate.type.BasicTypeRegistry     : Adding type registration ZoneOffset -> org.hibernate.type.BasicTypeReference@75ad30c1
2024-09-14T11:15:13.303-04:00 DEBUG 9100 --- [gs-zone] [           main] org.hibernate.type.BasicTypeRegistry     : Adding type registration java.time.ZoneOffset -> org.hibernate.type.BasicTypeReference@75ad30c1
2024-09-14T11:15:13.303-04:00 DEBUG 9100 --- [gs-zone] [           main] org.hibernate.type.BasicTypeRegistry     : Adding type registration url -> org.hibernate.type.BasicTypeReference@fe8aaeb
2024-09-14T11:15:13.303-04:00 DEBUG 9100 --- [gs-zone] [           main] org.hibernate.type.BasicTypeRegistry     : Adding type registration java.net.URL -> org.hibernate.type.BasicTypeReference@fe8aaeb
2024-09-14T11:15:13.303-04:00 DEBUG 9100 --- [gs-zone] [           main] org.hibernate.type.BasicTypeRegistry     : Adding type registration vector -> org.hibernate.type.BasicTypeReference@6b9697ae
2024-09-14T11:15:13.303-04:00 DEBUG 9100 --- [gs-zone] [           main] org.hibernate.type.BasicTypeRegistry     : Adding type registration row_version -> org.hibernate.type.BasicTypeReference@5cf0673d
2024-09-14T11:15:13.305-04:00 DEBUG 9100 --- [gs-zone] [           main] org.hibernate.type.BasicTypeRegistry     : Adding type registration object -> org.hibernate.type.JavaObjectType@6def0632
2024-09-14T11:15:13.305-04:00 DEBUG 9100 --- [gs-zone] [           main] org.hibernate.type.BasicTypeRegistry     : Adding type registration java.lang.Object -> org.hibernate.type.JavaObjectType@6def0632
2024-09-14T11:15:13.305-04:00 DEBUG 9100 --- [gs-zone] [           main] org.hibernate.type.BasicTypeRegistry     : Adding type registration null -> org.hibernate.type.NullType@7f1f60a0
2024-09-14T11:15:13.306-04:00 DEBUG 9100 --- [gs-zone] [           main] org.hibernate.type.BasicTypeRegistry     : Adding type registration imm_date -> org.hibernate.type.BasicTypeReference@77ea806f
2024-09-14T11:15:13.306-04:00 DEBUG 9100 --- [gs-zone] [           main] org.hibernate.type.BasicTypeRegistry     : Adding type registration imm_time -> org.hibernate.type.BasicTypeReference@14a1769d
2024-09-14T11:15:13.306-04:00 DEBUG 9100 --- [gs-zone] [           main] org.hibernate.type.BasicTypeRegistry     : Adding type registration imm_timestamp -> org.hibernate.type.BasicTypeReference@10bf1ec9
2024-09-14T11:15:13.306-04:00 DEBUG 9100 --- [gs-zone] [           main] org.hibernate.type.BasicTypeRegistry     : Adding type registration imm_calendar -> org.hibernate.type.BasicTypeReference@33751d49
2024-09-14T11:15:13.306-04:00 DEBUG 9100 --- [gs-zone] [           main] org.hibernate.type.BasicTypeRegistry     : Adding type registration imm_calendar_date -> org.hibernate.type.BasicTypeReference@516195cf
2024-09-14T11:15:13.306-04:00 DEBUG 9100 --- [gs-zone] [           main] org.hibernate.type.BasicTypeRegistry     : Adding type registration imm_calendar_time -> org.hibernate.type.BasicTypeReference@4eeb14e0
2024-09-14T11:15:13.306-04:00 DEBUG 9100 --- [gs-zone] [           main] org.hibernate.type.BasicTypeRegistry     : Adding type registration imm_binary -> org.hibernate.type.BasicTypeReference@26ca12a2
2024-09-14T11:15:13.306-04:00 DEBUG 9100 --- [gs-zone] [           main] org.hibernate.type.BasicTypeRegistry     : Adding type registration imm_serializable -> org.hibernate.type.BasicTypeReference@3d4ecc67
2024-09-14T11:15:13.381-04:00  INFO 9100 --- [gs-zone] [           main] o.s.o.j.p.SpringPersistenceUnitInfo      : No LoadTimeWeaver setup: ignoring JPA class transformer
2024-09-14T11:15:13.391-04:00  INFO 9100 --- [gs-zone] [           main] com.zaxxer.hikari.HikariDataSource       : HikariPool-1 - Starting...
2024-09-14T11:15:13.456-04:00  INFO 9100 --- [gs-zone] [           main] com.zaxxer.hikari.pool.HikariPool        : HikariPool-1 - Added connection org.postgresql.jdbc.PgConnection@fde487b
2024-09-14T11:15:13.457-04:00  INFO 9100 --- [gs-zone] [           main] com.zaxxer.hikari.HikariDataSource       : HikariPool-1 - Start completed.
2024-09-14T11:15:13.483-04:00 DEBUG 9100 --- [gs-zone] [           main] o.h.t.d.sql.spi.DdlTypeRegistry          : addDescriptor(2003, org.hibernate.type.descriptor.sql.internal.ArrayDdlTypeImpl@3593e074) replaced previous registration(org.hibernate.type.descriptor.sql.internal.ArrayDdlTypeImpl@79d14037)
2024-09-14T11:15:13.483-04:00 DEBUG 9100 --- [gs-zone] [           main] o.h.t.d.sql.spi.DdlTypeRegistry          : addDescriptor(6, org.hibernate.type.descriptor.sql.internal.CapacityDependentDdlType@6c1e40d9) replaced previous registration(org.hibernate.type.descriptor.sql.internal.DdlTypeImpl@4b50c21)
2024-09-14T11:15:13.484-04:00 DEBUG 9100 --- [gs-zone] [           main] o.h.t.d.jdbc.spi.JdbcTypeRegistry        : addDescriptor(2004, BlobTypeDescriptor(BLOB_BINDING)) replaced previous registration(BlobTypeDescriptor(DEFAULT))
2024-09-14T11:15:13.484-04:00 DEBUG 9100 --- [gs-zone] [           main] o.h.t.d.jdbc.spi.JdbcTypeRegistry        : addDescriptor(2005, ClobTypeDescriptor(CLOB_BINDING)) replaced previous registration(ClobTypeDescriptor(DEFAULT))
2024-09-14T11:15:13.486-04:00 DEBUG 9100 --- [gs-zone] [           main] org.hibernate.type.BasicTypeRegistry     : Adding type registration JAVA_OBJECT -> org.hibernate.type.JavaObjectType@3a5ce4b8
2024-09-14T11:15:13.486-04:00 DEBUG 9100 --- [gs-zone] [           main] org.hibernate.type.BasicTypeRegistry     : Adding type registration java.lang.Object -> org.hibernate.type.JavaObjectType@3a5ce4b8
2024-09-14T11:15:13.486-04:00 DEBUG 9100 --- [gs-zone] [           main] org.hibernate.type.BasicTypeRegistry     : Type registration key [java.lang.Object] overrode previous entry : `org.hibernate.type.JavaObjectType@6def0632`
2024-09-14T11:15:13.488-04:00 DEBUG 9100 --- [gs-zone] [           main] org.hibernate.type.BasicTypeRegistry     : Adding type registration org.hibernate.type.DurationType -> basicType@1(java.time.Duration,3015)
2024-09-14T11:15:13.488-04:00 DEBUG 9100 --- [gs-zone] [           main] org.hibernate.type.BasicTypeRegistry     : Adding type registration Duration -> basicType@1(java.time.Duration,3015)
2024-09-14T11:15:13.488-04:00 DEBUG 9100 --- [gs-zone] [           main] org.hibernate.type.BasicTypeRegistry     : Adding type registration java.time.Duration -> basicType@1(java.time.Duration,3015)
2024-09-14T11:15:13.489-04:00 DEBUG 9100 --- [gs-zone] [           main] org.hibernate.type.BasicTypeRegistry     : Adding type registration org.hibernate.type.OffsetDateTimeType -> basicType@2(java.time.OffsetDateTime,3003)
2024-09-14T11:15:13.489-04:00 DEBUG 9100 --- [gs-zone] [           main] org.hibernate.type.BasicTypeRegistry     : Adding type registration OffsetDateTime -> basicType@2(java.time.OffsetDateTime,3003)
2024-09-14T11:15:13.489-04:00 DEBUG 9100 --- [gs-zone] [           main] org.hibernate.type.BasicTypeRegistry     : Adding type registration java.time.OffsetDateTime -> basicType@2(java.time.OffsetDateTime,3003)
2024-09-14T11:15:13.489-04:00 DEBUG 9100 --- [gs-zone] [           main] org.hibernate.type.BasicTypeRegistry     : Adding type registration org.hibernate.type.ZonedDateTimeType -> basicType@3(java.time.ZonedDateTime,3003)
2024-09-14T11:15:13.489-04:00 DEBUG 9100 --- [gs-zone] [           main] org.hibernate.type.BasicTypeRegistry     : Adding type registration ZonedDateTime -> basicType@3(java.time.ZonedDateTime,3003)
2024-09-14T11:15:13.489-04:00 DEBUG 9100 --- [gs-zone] [           main] org.hibernate.type.BasicTypeRegistry     : Adding type registration java.time.ZonedDateTime -> basicType@3(java.time.ZonedDateTime,3003)
2024-09-14T11:15:13.489-04:00 DEBUG 9100 --- [gs-zone] [           main] org.hibernate.type.BasicTypeRegistry     : Adding type registration org.hibernate.type.OffsetTimeType -> basicType@4(java.time.OffsetTime,3007)
2024-09-14T11:15:13.489-04:00 DEBUG 9100 --- [gs-zone] [           main] org.hibernate.type.BasicTypeRegistry     : Adding type registration OffsetTime -> basicType@4(java.time.OffsetTime,3007)
2024-09-14T11:15:13.489-04:00 DEBUG 9100 --- [gs-zone] [           main] org.hibernate.type.BasicTypeRegistry     : Adding type registration java.time.OffsetTime -> basicType@4(java.time.OffsetTime,3007)
2024-09-14T11:15:13.489-04:00 DEBUG 9100 --- [gs-zone] [           main] o.h.type.spi.TypeConfiguration$Scope     : Scoping TypeConfiguration [org.hibernate.type.spi.TypeConfiguration@356f20b7] to MetadataBuildingContext [org.hibernate.boot.internal.MetadataBuildingContextRootImpl@6f4adaab]
2024-09-14T11:15:13.766-04:00  INFO 9100 --- [gs-zone] [           main] o.h.e.t.j.p.i.JtaPlatformInitiator       : HHH000489: No JTA platform available (set 'hibernate.transaction.jta.platform' to enable JTA platform integration)
2024-09-14T11:15:13.766-04:00 DEBUG 9100 --- [gs-zone] [           main] o.h.type.spi.TypeConfiguration$Scope     : Scoping TypeConfiguration [org.hibernate.type.spi.TypeConfiguration@356f20b7] to SessionFactoryImplementor [org.hibernate.internal.SessionFactoryImpl@87f1201]
2024-09-14T11:15:13.786-04:00 TRACE 9100 --- [gs-zone] [           main] o.h.type.spi.TypeConfiguration$Scope     : Handling #sessionFactoryCreated from [org.hibernate.internal.SessionFactoryImpl@87f1201] for TypeConfiguration
2024-09-14T11:15:13.786-04:00  INFO 9100 --- [gs-zone] [           main] j.LocalContainerEntityManagerFactoryBean : Initialized JPA EntityManagerFactory for persistence unit 'default'
2024-09-14T11:15:13.902-04:00  INFO 9100 --- [gs-zone] [           main] o.s.d.j.r.query.QueryEnhancerFactory     : Hibernate is in classpath; If applicable, HQL parser will be used.
2024-09-14T11:15:14.184-04:00  WARN 9100 --- [gs-zone] [           main] JpaBaseConfiguration$JpaWebConfiguration : spring.jpa.open-in-view is enabled by default. Therefore, database queries may be performed during view rendering. Explicitly configure spring.jpa.open-in-view to disable this warning
2024-09-14T11:15:14.204-04:00  INFO 9100 --- [gs-zone] [           main] o.s.b.a.w.s.WelcomePageHandlerMapping    : Adding welcome page: class path resource [static/index.html]
2024-09-14T11:15:14.334-04:00  WARN 9100 --- [gs-zone] [           main] ion$DefaultTemplateResolverConfiguration : Cannot find template location: classpath:/templates/ (please add some templates, check your Thymeleaf configuration, or set spring.thymeleaf.check-template-location=false)
2024-09-14T11:15:14.520-04:00  INFO 9100 --- [gs-zone] [           main] o.s.b.a.e.web.EndpointLinksResolver      : Exposing 1 endpoint beneath base path '/actuator'
2024-09-14T11:15:14.575-04:00  INFO 9100 --- [gs-zone] [           main] c.m.gs_zone.GsZoneApplicationTests       : Started GsZoneApplicationTests in 2.042 seconds (process running for 2.407)
]]></system-out>
    <system-err><![CDATA[WARNING: A Java agent has been loaded dynamically (/Users/wjm/.m2/repository/net/bytebuddy/byte-buddy-agent/1.14.19/byte-buddy-agent-1.14.19.jar)
WARNING: If a serviceability tool is in use, please run with -XX:+EnableDynamicAgentLoading to hide this warning
WARNING: If a serviceability tool is not in use, please run with -Djdk.instrument.traceUsage for more information
WARNING: Dynamic loading of agents will be disallowed by default in a future release
]]></system-err>
  </testcase>
</testsuite>